<?xml version="1.0" encoding="utf-8"?><testsuites name="pytest tests"><testsuite name="pytest" errors="0" failures="0" skipped="0" tests="22" time="4.602" timestamp="2026-06-12T12:29:51.449800+00:00" hostname="agent-env-65129525-15dd-4724-a651-d16a09c58e15"><testcase classname="backend.tests.iter2_test.TestPublicProfile" name="test_public_profile_no_auth" time="0.464" /><testcase classname="backend.tests.iter2_test.TestPublicProfile" name="test_public_profile_404" time="0.141" /><testcase classname="backend.tests.iter2_test.TestCircleDetailLeaderboard" name="test_get_circle_all_period" time="0.223" /><testcase classname="backend.tests.iter2_test.TestCircleDetailLeaderboard" name="test_get_circle_week_period" time="0.097" /><testcase classname="backend.tests.iter2_test.TestCircleDetailLeaderboard" name="test_get_circle_month_period" time="0.111" /><testcase classname="backend.tests.iter2_test.TestCircleDetailLeaderboard" name="test_seed_admin_ids_contain_kai" time="0.427" /><testcase classname="backend.tests.iter2_test.TestCircleDetailLeaderboard" name="test_kai_sees_admin_role" time="0.104" /><testcase classname="backend.tests.iter2_test.TestPromoteDemote" name="test_owner_promote_then_demote_lyra" time="0.547" /><testcase classname="backend.tests.iter2_test.TestPromoteDemote" name="test_non_owner_promote_forbidden" time="0.097" /><testcase classname="backend.tests.iter2_test.TestPromoteDemote" name="test_promote_owner_returns_400" time="0.103" /><testcase classname="backend.tests.iter2_test.TestPromoteDemote" name="test_promote_non_member_returns_404" time="0.105" /><testcase classname="backend.tests.iter2_test.TestRemoveMember" name="test_owner_cannot_be_removed" time="0.105" /><testcase classname="backend.tests.iter2_test.TestRemoveMember" name="test_admin_cannot_remove_another_admin" time="0.269" /><testcase classname="backend.tests.iter2_test.TestRemoveMember" name="test_owner_can_remove_test_member_and_activity_created" time="0.520" /><testcase classname="backend.tests.iter2_test.TestDemote" name="test_demote_removes_from_admin_ids" time="0.150" /><testcase classname="backend.tests.iter2_test.TestInvite" name="test_owner_invite_two_emails" time="0.099" /><testcase classname="backend.tests.iter2_test.TestInvite" name="test_admin_can_invite" time="0.111" /><testcase classname="backend.tests.iter2_test.TestInvite" name="test_non_member_invite_forbidden" time="0.419" /><testcase classname="backend.tests.iter2_test.TestInvite" name="test_empty_emails_returns_422" time="0.091" /><testcase classname="backend.tests.iter2_test.TestRegressionSpot" name="test_dashboard" time="0.096" /><testcase classname="backend.tests.iter2_test.TestRegressionSpot" name="test_achievements_list" time="0.097" /><testcase classname="backend.tests.iter2_test.TestRegressionSpot" name="test_notifications" time="0.112" /></testsuite></testsuites>