<?xml version="1.0" encoding="utf-8"?><testsuites name="pytest tests"><testsuite name="pytest" errors="0" failures="0" skipped="0" tests="19" time="6.803" timestamp="2026-06-12T12:10:15.820507+00:00" hostname="agent-env-65129525-15dd-4724-a651-d16a09c58e15"><testcase classname="backend.tests.backend_test.TestHealth" name="test_root" time="0.268" /><testcase classname="backend.tests.backend_test.TestAuth" name="test_demo_login_returns_expected_profile" time="0.266" /><testcase classname="backend.tests.backend_test.TestAuth" name="test_invalid_credentials" time="0.267" /><testcase classname="backend.tests.backend_test.TestAuth" name="test_register_new_user" time="0.265" /><testcase classname="backend.tests.backend_test.TestAuth" name="test_register_duplicate_email_rejected" time="0.042" /><testcase classname="backend.tests.backend_test.TestAuth" name="test_me_with_bearer" time="0.361" /><testcase classname="backend.tests.backend_test.TestAuth" name="test_me_without_token_401" time="0.157" /><testcase classname="backend.tests.backend_test.TestAuth" name="test_logout_clears_cookie" time="0.398" /><testcase classname="backend.tests.backend_test.TestAuth" name="test_forgot_and_reset_password_flow" time="1.418" /><testcase classname="backend.tests.backend_test.TestGoals" name="test_list_goals_seeded" time="0.096" /><testcase classname="backend.tests.backend_test.TestGoals" name="test_goal_crud_cycle" time="0.605" /><testcase classname="backend.tests.backend_test.TestCheckins" name="test_checkin_creates_xp_and_duplicate_400" time="0.499" /><testcase classname="backend.tests.backend_test.TestCircles" name="test_list_circles_includes_shadow_guild" time="0.094" /><testcase classname="backend.tests.backend_test.TestCircles" name="test_create_join_get_circle" time="0.648" /><testcase classname="backend.tests.backend_test.TestCircles" name="test_join_invalid_code_404" time="0.116" /><testcase classname="backend.tests.backend_test.TestAchievements" name="test_list_achievements_eight_items" time="0.101" /><testcase classname="backend.tests.backend_test.TestNotifications" name="test_list_mark_all_read_and_single_read" time="0.607" /><testcase classname="backend.tests.backend_test.TestAdmin" name="test_send_digest_requires_admin" time="0.131" /><testcase classname="backend.tests.backend_test.TestAdmin" name="test_send_digest_as_admin" time="0.372" /></testsuite></testsuites>